--
-- SUBSELECT
--
SELECT 1 AS one WHERE 1 IN (SELECT 1);
 one 
-----
   1
(1 row)

SELECT 1 AS zero WHERE 1 NOT IN (SELECT 1);
 zero 
------
(0 rows)

SELECT 1 AS zero WHERE 1 IN (SELECT 2);
 zero 
------
(0 rows)

-- Set up some simple test tables
CREATE TABLE SUBSELECT_TBL (
  f1 integer,
  f2 integer,
  f3 float
);
NOTICE:  Table doesn't have 'DISTRIBUTED BY' clause -- Using column named 'f1' as the Greenplum Database data distribution key for this table.
HINT:  The 'DISTRIBUTED BY' clause determines the distribution of data. Make sure column(s) chosen are the optimal data distribution key to minimize skew.
INSERT INTO SUBSELECT_TBL VALUES (1, 2, 3);
INSERT INTO SUBSELECT_TBL VALUES (2, 3, 4);
INSERT INTO SUBSELECT_TBL VALUES (3, 4, 5);
INSERT INTO SUBSELECT_TBL VALUES (1, 1, 1);
INSERT INTO SUBSELECT_TBL VALUES (2, 2, 2);
INSERT INTO SUBSELECT_TBL VALUES (3, 3, 3);
INSERT INTO SUBSELECT_TBL VALUES (6, 7, 8);
INSERT INTO SUBSELECT_TBL VALUES (8, 9, NULL);
SELECT '' AS eight, * FROM SUBSELECT_TBL ORDER BY 2,3,4;
 eight | f1 | f2 | f3 
-------+----+----+----
       |  1 |  1 |  1
       |  1 |  2 |  3
       |  2 |  2 |  2
       |  2 |  3 |  4
       |  3 |  3 |  3
       |  3 |  4 |  5
       |  6 |  7 |  8
       |  8 |  9 |   
(8 rows)

-- Uncorrelated subselects
SELECT '' AS two, f1 AS "Constant Select" FROM SUBSELECT_TBL
  WHERE f1 IN (SELECT 1) ORDER BY 2;
 two | Constant Select 
-----+-----------------
     |               1
     |               1
(2 rows)

SELECT '' AS six, f1 AS "Uncorrelated Field" FROM SUBSELECT_TBL
  WHERE f1 IN (SELECT f2 FROM SUBSELECT_TBL) ORDER BY 2;
 six | Uncorrelated Field 
-----+--------------------
     |                  1
     |                  1
     |                  2
     |                  2
     |                  3
     |                  3
(6 rows)

SELECT '' AS six, f1 AS "Uncorrelated Field" FROM SUBSELECT_TBL
  WHERE f1 IN (SELECT f2 FROM SUBSELECT_TBL WHERE
    f2 IN (SELECT f1 FROM SUBSELECT_TBL)) ORDER BY 2;
 six | Uncorrelated Field 
-----+--------------------
     |                  1
     |                  1
     |                  2
     |                  2
     |                  3
     |                  3
(6 rows)

SELECT '' AS three, f1, f2
  FROM SUBSELECT_TBL
  WHERE (f1, f2) NOT IN (SELECT f2, CAST(f3 AS int4) FROM SUBSELECT_TBL
                         WHERE f3 IS NOT NULL) ORDER BY 2,3;
 three | f1 | f2 
-------+----+----
       |  1 |  2
       |  6 |  7
       |  8 |  9
(3 rows)

-- Correlated subselects
SELECT '' AS six, f1 AS "Correlated Field", f2 AS "Second Field"
  FROM SUBSELECT_TBL upper
  WHERE f1 IN (SELECT f2 FROM SUBSELECT_TBL WHERE f1 = upper.f1) ORDER BY 2,3;
 six | Correlated Field | Second Field 
-----+------------------+--------------
     |                1 |            1
     |                1 |            2
     |                2 |            2
     |                2 |            3
     |                3 |            3
     |                3 |            4
(6 rows)

SELECT '' AS six, f1 AS "Correlated Field", f3 AS "Second Field"
  FROM SUBSELECT_TBL upper
  WHERE f1 IN
    (SELECT f2 FROM SUBSELECT_TBL WHERE CAST(upper.f2 AS float) = f3) ORDER BY 2,3;
 six | Correlated Field | Second Field 
-----+------------------+--------------
     |                1 |            1
     |                2 |            2
     |                2 |            4
     |                3 |            3
     |                3 |            5
(5 rows)

SELECT '' AS six, f1 AS "Correlated Field", f3 AS "Second Field"
  FROM SUBSELECT_TBL upper
  WHERE f3 IN (SELECT upper.f1 + f2 FROM SUBSELECT_TBL
               WHERE f2 = CAST(f3 AS integer)) ORDER BY 2,3;
 six | Correlated Field | Second Field 
-----+------------------+--------------
     |                1 |            3
     |                2 |            4
     |                3 |            5
     |                6 |            8
(4 rows)

SELECT '' AS five, f1 AS "Correlated Field"
  FROM SUBSELECT_TBL
  WHERE (f1, f2) IN (SELECT f2, CAST(f3 AS int4) FROM SUBSELECT_TBL
                     WHERE f3 IS NOT NULL) ORDER BY 2;
 five | Correlated Field 
------+------------------
      |                1
      |                2
      |                2
      |                3
      |                3
(5 rows)

--
-- Use some existing tables in the regression test
--
SELECT '' AS eight, ss.f1 AS "Correlated Field", ss.f3 AS "Second Field"
  FROM SUBSELECT_TBL ss
  WHERE f1 NOT IN (SELECT f1+1 FROM INT4_TBL
                   WHERE f1 != ss.f1 AND f1 < 2147483647) ORDER BY 2,3;
 eight | Correlated Field | Second Field 
-------+------------------+--------------
       |                2 |            2
       |                2 |            4
       |                3 |            3
       |                3 |            5
       |                6 |            8
       |                8 |             
(6 rows)

select q1, float8(count(*)) / (select count(*) from int8_tbl)
from int8_tbl group by q1 order by q1;
        q1        | ?column? 
------------------+----------
              123 |      0.4
 4567890123456789 |      0.6
(2 rows)

--
-- Test cases to catch unpleasant interactions between IN-join processing
-- and subquery pullup.
--
select count(*) from
  (select 1 from tenk1 a
   where unique1 IN (select hundred from tenk1 b)) ss;
 count 
-------
   100
(1 row)

select count(distinct ss.ten) from
  (select ten from tenk1 a
   where unique1 IN (select hundred from tenk1 b)) ss;
 count 
-------
    10
(1 row)

select count(*) from
  (select 1 from tenk1 a
   where unique1 IN (select distinct hundred from tenk1 b)) ss;
 count 
-------
   100
(1 row)

select count(distinct ss.ten) from
  (select ten from tenk1 a
   where unique1 IN (select distinct hundred from tenk1 b)) ss;
 count 
-------
    10
(1 row)

--
-- Test cases to check for overenthusiastic optimization of
-- "IN (SELECT DISTINCT ...)" and related cases.  Per example from
-- Luca Pireddu and Michael Fuhr.
--
CREATE TEMP TABLE foo (id integer);
NOTICE:  Table doesn't have 'DISTRIBUTED BY' clause -- Using column named 'id' as the Greenplum Database data distribution key for this table.
HINT:  The 'DISTRIBUTED BY' clause determines the distribution of data. Make sure column(s) chosen are the optimal data distribution key to minimize skew.
CREATE TEMP TABLE bar (id1 integer, id2 integer);
NOTICE:  Table doesn't have 'DISTRIBUTED BY' clause -- Using column named 'id1' as the Greenplum Database data distribution key for this table.
HINT:  The 'DISTRIBUTED BY' clause determines the distribution of data. Make sure column(s) chosen are the optimal data distribution key to minimize skew.
INSERT INTO foo VALUES (1);
INSERT INTO bar VALUES (1, 1);
INSERT INTO bar VALUES (2, 2);
INSERT INTO bar VALUES (3, 1);
-- These cases require an extra level of distinct-ing above subquery s
SELECT * FROM foo WHERE id IN
    (SELECT id2 FROM (SELECT DISTINCT id1, id2 FROM bar) AS s) ORDER BY 1;
 id 
----
  1
(1 row)

SELECT * FROM foo WHERE id IN
    (SELECT id2 FROM (SELECT id1,id2 FROM bar GROUP BY id1,id2) AS s) ORDER BY 1;
 id 
----
  1
(1 row)

SELECT * FROM foo WHERE id IN
    (SELECT id2 FROM (SELECT id1, id2 FROM bar UNION
                      SELECT id1, id2 FROM bar) AS s) ORDER BY 1;
 id 
----
  1
(1 row)

-- These cases do not
SELECT * FROM foo WHERE id IN
    (SELECT id2 FROM (SELECT DISTINCT ON (id2) id1, id2 FROM bar) AS s) ORDER BY 1;
 id 
----
  1
(1 row)

SELECT * FROM foo WHERE id IN
    (SELECT id2 FROM (SELECT id2 FROM bar GROUP BY id2) AS s) ORDER BY 1;
 id 
----
  1
(1 row)

SELECT * FROM foo WHERE id IN
    (SELECT id2 FROM (SELECT id2 FROM bar UNION
                      SELECT id2 FROM bar) AS s) ORDER BY 1;
 id 
----
  1
(1 row)

--
-- Test case to catch problems with multiply nested sub-SELECTs not getting
-- recalculated properly.  Per bug report from Didier Moens.
--
CREATE TABLE orderstest (
    approver_ref integer,
    po_ref integer,
    ordercancelled boolean
);
NOTICE:  Table doesn't have 'DISTRIBUTED BY' clause -- Using column named 'approver_ref' as the Greenplum Database data distribution key for this table.
HINT:  The 'DISTRIBUTED BY' clause determines the distribution of data. Make sure column(s) chosen are the optimal data distribution key to minimize skew.
INSERT INTO orderstest VALUES (1, 1, false);
INSERT INTO orderstest VALUES (66, 5, false);
INSERT INTO orderstest VALUES (66, 6, false);
INSERT INTO orderstest VALUES (66, 7, false);
INSERT INTO orderstest VALUES (66, 1, true);
INSERT INTO orderstest VALUES (66, 8, false);
INSERT INTO orderstest VALUES (66, 1, false);
INSERT INTO orderstest VALUES (77, 1, false);
INSERT INTO orderstest VALUES (1, 1, false);
INSERT INTO orderstest VALUES (66, 1, false);
INSERT INTO orderstest VALUES (1, 1, false);
CREATE VIEW orders_view AS
SELECT *,
(SELECT CASE
   WHEN ord.approver_ref=1 THEN '---' ELSE 'Approved'
 END) AS "Approved",
(SELECT CASE
 WHEN ord.ordercancelled
 THEN 'Cancelled'
 ELSE
  (SELECT CASE
		WHEN ord.po_ref=1
		THEN
		 (SELECT CASE
				WHEN ord.approver_ref=1
				THEN '---'
				ELSE 'Approved'
			END)
		ELSE 'PO'
	END) 
END) AS "Status",
(CASE
 WHEN ord.ordercancelled
 THEN 'Cancelled'
 ELSE
  (CASE
		WHEN ord.po_ref=1
		THEN
		 (CASE
				WHEN ord.approver_ref=1
				THEN '---'
				ELSE 'Approved'
			END)
		ELSE 'PO'
	END) 
END) AS "Status_OK"
FROM orderstest ord;
SELECT * FROM orders_view ORDER BY 1,2;
 approver_ref | po_ref | ordercancelled | Approved |  Status   | Status_OK 
--------------+--------+----------------+----------+-----------+-----------
            1 |      1 | f              | ---      | ---       | ---
            1 |      1 | f              | ---      | ---       | ---
            1 |      1 | f              | ---      | ---       | ---
           66 |      1 | f              | Approved | Approved  | Approved
           66 |      1 | t              | Approved | Cancelled | Cancelled
           66 |      1 | f              | Approved | Approved  | Approved
           66 |      5 | f              | Approved | PO        | PO
           66 |      6 | f              | Approved | PO        | PO
           66 |      7 | f              | Approved | PO        | PO
           66 |      8 | f              | Approved | PO        | PO
           77 |      1 | f              | Approved | Approved  | Approved
(11 rows)

DROP TABLE orderstest cascade;
NOTICE:  drop cascades to rule _RETURN on view orders_view
NOTICE:  drop cascades to view orders_view
--
-- Test cases to catch situations where rule rewriter fails to propagate
-- hasSubLinks flag correctly.  Per example from Kyle Bateman.
--
create temp table parts (
    partnum     text,
    cost        float8
);
NOTICE:  Table doesn't have 'DISTRIBUTED BY' clause -- Using column named 'partnum' as the Greenplum Database data distribution key for this table.
HINT:  The 'DISTRIBUTED BY' clause determines the distribution of data. Make sure column(s) chosen are the optimal data distribution key to minimize skew.
create temp table shipped (
    ttype       char(2),
    ordnum      int4,
    partnum     text,
    value       float8
);
NOTICE:  Table doesn't have 'DISTRIBUTED BY' clause -- Using column named 'ttype' as the Greenplum Database data distribution key for this table.
HINT:  The 'DISTRIBUTED BY' clause determines the distribution of data. Make sure column(s) chosen are the optimal data distribution key to minimize skew.
create temp view shipped_view as
    select * from shipped where ttype = 'wt';
create rule shipped_view_insert as on insert to shipped_view do instead
    insert into shipped values('wt', new.ordnum, new.partnum, new.value);
insert into parts (partnum, cost) values (1, 1234.56);
insert into shipped_view (ordnum, partnum, value)
    values (0, 1, (select cost from parts where partnum = 1));
select * from shipped_view ORDER BY 1,2;
 ttype | ordnum | partnum |  value  
-------+--------+---------+---------
 wt    |      0 | 1       | 1234.56
(1 row)

create rule shipped_view_update as on update to shipped_view do instead
    update shipped set partnum = new.partnum, value = new.value
        where ttype = new.ttype and ordnum = new.ordnum;
select * from shipped_view ORDER BY 1,2;
 ttype | ordnum | partnum |  value  
-------+--------+---------+---------
 wt    |      0 | 1       | 1234.56
(1 row)

select f1, ss1 as relabel from
    (select *, (select sum(f1) from int4_tbl b where f1 >= a.f1) as ss1
     from int4_tbl a) ss;
     f1      |  relabel   
-------------+------------
           0 | 2147607103
     -123456 | 2147483647
  2147483647 | 2147483647
      123456 | 2147607103
 -2147483647 |          0
(5 rows)

--
-- Test cases involving PARAM_EXEC parameters and min/max index optimizations.
-- Per bug report from David Sanchez i Gregori.
--
select * from (
  select max(unique1) from tenk1 as a
  where exists (select 1 from tenk1 as b where b.thousand = a.unique2)
) ss;
 max  
------
 9997
(1 row)

select * from (
  select min(unique1) from tenk1 as a
  where not exists (select 1 from tenk1 as b where b.unique2 = 10000)
) ss;
 min 
-----
   0
(1 row)

--
-- Base tables for CSQ tests
--
drop table if exists csq_t1_base;
NOTICE:  table "csq_t1_base" does not exist, skipping
create table csq_t1_base(x int, y int) distributed by (x);
insert into csq_t1_base values(1,2);
insert into csq_t1_base values(2,1);
insert into csq_t1_base values(4,2);
drop table if exists csq_t2_base;
NOTICE:  table "csq_t2_base" does not exist, skipping
create table csq_t2_base(x int, y int) distributed by (x);
insert into csq_t2_base values(3,2);
insert into csq_t2_base values(3,2);
insert into csq_t2_base values(3,2);
insert into csq_t2_base values(3,2);
insert into csq_t2_base values(3,1);
--
-- Correlated subqueries
--
drop table if exists csq_t1;
NOTICE:  table "csq_t1" does not exist, skipping
drop table if exists csq_t2;
NOTICE:  table "csq_t2" does not exist, skipping
create table csq_t1(x int, y int) distributed by (x);
create table csq_t2(x int, y int) distributed by (x);
insert into csq_t1 select * from csq_t1_base;
insert into csq_t2 select * from csq_t2_base;
select * from csq_t1 where csq_t1.x >ALL (select csq_t2.x from csq_t2 where csq_t2.y=csq_t1.y) order by 1; -- expected (4,2)
 x | y 
---+---
 4 | 2
(1 row)

--
-- correlations in the targetlist
--
select csq_t1.x, (select sum(bar.x) from csq_t1 bar where bar.x >= csq_t1.x) as sum from csq_t1 order by csq_t1.x;
 x | sum 
---+-----
 1 |   7
 2 |   6
 4 |   4
(3 rows)

select csq_t1.x, (select sum(bar.x) from csq_t1 bar where bar.x = csq_t1.x) as sum from csq_t1 order by csq_t1.x;
 x | sum 
---+-----
 1 |   1
 2 |   2
 4 |   4
(3 rows)

select csq_t1.x, (select bar.x from csq_t1 bar where bar.x = csq_t1.x) as sum from csq_t1 order by csq_t1.x;
 x | sum 
---+-----
 1 |   1
 2 |   2
 4 |   4
(3 rows)

--
-- CSQs with partitioned tables
--
drop table if exists csq_t1;
drop table if exists csq_t2;
create table csq_t1(x int, y int) 
distributed by (x)
partition by range (y) ( start (0) end (4) every (1))
;
NOTICE:  CREATE TABLE will create partition "csq_t1_1_prt_1" for table "csq_t1"
NOTICE:  CREATE TABLE will create partition "csq_t1_1_prt_2" for table "csq_t1"
NOTICE:  CREATE TABLE will create partition "csq_t1_1_prt_3" for table "csq_t1"
NOTICE:  CREATE TABLE will create partition "csq_t1_1_prt_4" for table "csq_t1"
create table csq_t2(x int, y int) 
distributed by (x)
partition by range (y) ( start (0) end (4) every (1))
;
NOTICE:  CREATE TABLE will create partition "csq_t2_1_prt_1" for table "csq_t2"
NOTICE:  CREATE TABLE will create partition "csq_t2_1_prt_2" for table "csq_t2"
NOTICE:  CREATE TABLE will create partition "csq_t2_1_prt_3" for table "csq_t2"
NOTICE:  CREATE TABLE will create partition "csq_t2_1_prt_4" for table "csq_t2"
insert into csq_t1 select * from csq_t1_base;
insert into csq_t2 select * from csq_t2_base;
explain select * from csq_t1 where csq_t1.x >ALL (select csq_t2.x from csq_t2 where csq_t2.y=csq_t1.y) order by 1;
                                                            QUERY PLAN                                                             
-----------------------------------------------------------------------------------------------------------------------------------
 Gather Motion 2:1  (slice26; segments: 2)  (cost=0.01..0.02 rows=1 width=8)
   Merge Key: x
   ->  Sort  (cost=0.01..0.02 rows=1 width=8)
         Sort Key: public.csq_t1.x
         ->  Append  (cost=0.00..0.00 rows=1 width=8)
               ->  Seq Scan on csq_t1  (cost=0.00..0.00 rows=1 width=8)
                     Filter: (subplan)
                     SubPlan 1
                       ->  Result  (cost=0.00..0.00 rows=1 width=4)
                             ->  Append  (cost=0.00..0.00 rows=1 width=4)
                                   ->  Result  (cost=0.00..0.01 rows=1 width=4)
                                         Filter: public.csq_t2.y = $0
                                         ->  Materialize for deadlock safety  (cost=0.00..0.01 rows=1 width=4)
                                               ->  Broadcast Motion 2:2  (slice1; segments: 2)  (cost=0.00..0.00 rows=1 width=4)
                                                     ->  Seq Scan on csq_t2  (cost=0.00..0.00 rows=1 width=4)
                                   ->  Result  (cost=0.00..0.01 rows=1 width=4)
                                         Filter: public.csq_t2.y = $0
                                         ->  Materialize for deadlock safety  (cost=0.00..0.01 rows=1 width=4)
                                               ->  Broadcast Motion 2:2  (slice2; segments: 2)  (cost=0.00..0.00 rows=1 width=4)
                                                     ->  Seq Scan on csq_t2_1_prt_1 csq_t2  (cost=0.00..0.00 rows=1 width=4)
                                   ->  Result  (cost=11.76..11.77 rows=1 width=4)
                                         Filter: public.csq_t2.y = $0
                                         ->  Materialize for deadlock safety  (cost=11.76..11.77 rows=1 width=4)
                                               ->  Broadcast Motion 2:2  (slice3; segments: 2)  (cost=0.00..11.76 rows=1 width=4)
                                                     ->  Seq Scan on csq_t2_1_prt_2 csq_t2  (cost=0.00..11.76 rows=1 width=4)
                                   ->  Result  (cost=11.76..11.77 rows=1 width=4)
                                         Filter: public.csq_t2.y = $0
                                         ->  Materialize for deadlock safety  (cost=11.76..11.77 rows=1 width=4)
                                               ->  Broadcast Motion 2:2  (slice4; segments: 2)  (cost=0.00..11.76 rows=1 width=4)
                                                     ->  Seq Scan on csq_t2_1_prt_3 csq_t2  (cost=0.00..11.76 rows=1 width=4)
                                   ->  Result  (cost=0.00..0.01 rows=1 width=4)
                                         Filter: public.csq_t2.y = $0
                                         ->  Materialize for deadlock safety  (cost=0.00..0.01 rows=1 width=4)
                                               ->  Broadcast Motion 2:2  (slice5; segments: 2)  (cost=0.00..0.00 rows=1 width=4)
                                                     ->  Seq Scan on csq_t2_1_prt_4 csq_t2  (cost=0.00..0.00 rows=1 width=4)
               ->  Seq Scan on csq_t1_1_prt_1 csq_t1  (cost=0.00..0.00 rows=1 width=8)
                     Filter: (subplan)
                     SubPlan 1
                       ->  Result  (cost=0.00..0.00 rows=1 width=4)
                             ->  Append  (cost=0.00..0.00 rows=1 width=4)
                                   ->  Result  (cost=0.00..0.01 rows=1 width=4)
                                         Filter: public.csq_t2.y = $0
                                         ->  Materialize for deadlock safety  (cost=0.00..0.01 rows=1 width=4)
                                               ->  Broadcast Motion 2:2  (slice6; segments: 2)  (cost=0.00..0.00 rows=1 width=4)
                                                     ->  Seq Scan on csq_t2  (cost=0.00..0.00 rows=1 width=4)
                                   ->  Result  (cost=0.00..0.01 rows=1 width=4)
                                         Filter: public.csq_t2.y = $0
                                         ->  Materialize for deadlock safety  (cost=0.00..0.01 rows=1 width=4)
                                               ->  Broadcast Motion 2:2  (slice7; segments: 2)  (cost=0.00..0.00 rows=1 width=4)
                                                     ->  Seq Scan on csq_t2_1_prt_1 csq_t2  (cost=0.00..0.00 rows=1 width=4)
                                   ->  Result  (cost=11.76..11.77 rows=1 width=4)
                                         Filter: public.csq_t2.y = $0
                                         ->  Materialize for deadlock safety  (cost=11.76..11.77 rows=1 width=4)
                                               ->  Broadcast Motion 2:2  (slice8; segments: 2)  (cost=0.00..11.76 rows=1 width=4)
                                                     ->  Seq Scan on csq_t2_1_prt_2 csq_t2  (cost=0.00..11.76 rows=1 width=4)
                                   ->  Result  (cost=11.76..11.77 rows=1 width=4)
                                         Filter: public.csq_t2.y = $0
                                         ->  Materialize for deadlock safety  (cost=11.76..11.77 rows=1 width=4)
                                               ->  Broadcast Motion 2:2  (slice9; segments: 2)  (cost=0.00..11.76 rows=1 width=4)
                                                     ->  Seq Scan on csq_t2_1_prt_3 csq_t2  (cost=0.00..11.76 rows=1 width=4)
                                   ->  Result  (cost=0.00..0.01 rows=1 width=4)
                                         Filter: public.csq_t2.y = $0
                                         ->  Materialize for deadlock safety  (cost=0.00..0.01 rows=1 width=4)
                                               ->  Broadcast Motion 2:2  (slice10; segments: 2)  (cost=0.00..0.00 rows=1 width=4)
                                                     ->  Seq Scan on csq_t2_1_prt_4 csq_t2  (cost=0.00..0.00 rows=1 width=4)
               ->  Seq Scan on csq_t1_1_prt_2 csq_t1  (cost=0.00..12.84 rows=1 width=8)
                     Filter: (subplan)
                     SubPlan 1
                       ->  Result  (cost=0.00..0.00 rows=1 width=4)
                             ->  Append  (cost=0.00..0.00 rows=1 width=4)
                                   ->  Result  (cost=0.00..0.01 rows=1 width=4)
                                         Filter: public.csq_t2.y = $0
                                         ->  Materialize for deadlock safety  (cost=0.00..0.01 rows=1 width=4)
                                               ->  Broadcast Motion 2:2  (slice11; segments: 2)  (cost=0.00..0.00 rows=1 width=4)
                                                     ->  Seq Scan on csq_t2  (cost=0.00..0.00 rows=1 width=4)
                                   ->  Result  (cost=0.00..0.01 rows=1 width=4)
                                         Filter: public.csq_t2.y = $0
                                         ->  Materialize for deadlock safety  (cost=0.00..0.01 rows=1 width=4)
                                               ->  Broadcast Motion 2:2  (slice12; segments: 2)  (cost=0.00..0.00 rows=1 width=4)
                                                     ->  Seq Scan on csq_t2_1_prt_1 csq_t2  (cost=0.00..0.00 rows=1 width=4)
                                   ->  Result  (cost=11.76..11.77 rows=1 width=4)
                                         Filter: public.csq_t2.y = $0
                                         ->  Materialize for deadlock safety  (cost=11.76..11.77 rows=1 width=4)
                                               ->  Broadcast Motion 2:2  (slice13; segments: 2)  (cost=0.00..11.76 rows=1 width=4)
                                                     ->  Seq Scan on csq_t2_1_prt_2 csq_t2  (cost=0.00..11.76 rows=1 width=4)
                                   ->  Result  (cost=11.76..11.77 rows=1 width=4)
                                         Filter: public.csq_t2.y = $0
                                         ->  Materialize for deadlock safety  (cost=11.76..11.77 rows=1 width=4)
                                               ->  Broadcast Motion 2:2  (slice14; segments: 2)  (cost=0.00..11.76 rows=1 width=4)
                                                     ->  Seq Scan on csq_t2_1_prt_3 csq_t2  (cost=0.00..11.76 rows=1 width=4)
                                   ->  Result  (cost=0.00..0.01 rows=1 width=4)
                                         Filter: public.csq_t2.y = $0
                                         ->  Materialize for deadlock safety  (cost=0.00..0.01 rows=1 width=4)
                                               ->  Broadcast Motion 2:2  (slice15; segments: 2)  (cost=0.00..0.00 rows=1 width=4)
                                                     ->  Seq Scan on csq_t2_1_prt_4 csq_t2  (cost=0.00..0.00 rows=1 width=4)
               ->  Seq Scan on csq_t1_1_prt_3 csq_t1  (cost=0.00..12.84 rows=1 width=8)
                     Filter: (subplan)
                     SubPlan 1
                       ->  Result  (cost=0.00..0.00 rows=1 width=4)
                             ->  Append  (cost=0.00..0.00 rows=1 width=4)
                                   ->  Result  (cost=0.00..0.01 rows=1 width=4)
                                         Filter: public.csq_t2.y = $0
                                         ->  Materialize for deadlock safety  (cost=0.00..0.01 rows=1 width=4)
                                               ->  Broadcast Motion 2:2  (slice16; segments: 2)  (cost=0.00..0.00 rows=1 width=4)
                                                     ->  Seq Scan on csq_t2  (cost=0.00..0.00 rows=1 width=4)
                                   ->  Result  (cost=0.00..0.01 rows=1 width=4)
                                         Filter: public.csq_t2.y = $0
                                         ->  Materialize for deadlock safety  (cost=0.00..0.01 rows=1 width=4)
                                               ->  Broadcast Motion 2:2  (slice17; segments: 2)  (cost=0.00..0.00 rows=1 width=4)
                                                     ->  Seq Scan on csq_t2_1_prt_1 csq_t2  (cost=0.00..0.00 rows=1 width=4)
                                   ->  Result  (cost=11.76..11.77 rows=1 width=4)
                                         Filter: public.csq_t2.y = $0
                                         ->  Materialize for deadlock safety  (cost=11.76..11.77 rows=1 width=4)
                                               ->  Broadcast Motion 2:2  (slice18; segments: 2)  (cost=0.00..11.76 rows=1 width=4)
                                                     ->  Seq Scan on csq_t2_1_prt_2 csq_t2  (cost=0.00..11.76 rows=1 width=4)
                                   ->  Result  (cost=11.76..11.77 rows=1 width=4)
                                         Filter: public.csq_t2.y = $0
                                         ->  Materialize for deadlock safety  (cost=11.76..11.77 rows=1 width=4)
                                               ->  Broadcast Motion 2:2  (slice19; segments: 2)  (cost=0.00..11.76 rows=1 width=4)
                                                     ->  Seq Scan on csq_t2_1_prt_3 csq_t2  (cost=0.00..11.76 rows=1 width=4)
                                   ->  Result  (cost=0.00..0.01 rows=1 width=4)
                                         Filter: public.csq_t2.y = $0
                                         ->  Materialize for deadlock safety  (cost=0.00..0.01 rows=1 width=4)
                                               ->  Broadcast Motion 2:2  (slice20; segments: 2)  (cost=0.00..0.00 rows=1 width=4)
                                                     ->  Seq Scan on csq_t2_1_prt_4 csq_t2  (cost=0.00..0.00 rows=1 width=4)
               ->  Seq Scan on csq_t1_1_prt_4 csq_t1  (cost=0.00..0.00 rows=1 width=8)
                     Filter: (subplan)
                     SubPlan 1
                       ->  Result  (cost=0.00..0.00 rows=1 width=4)
                             ->  Append  (cost=0.00..0.00 rows=1 width=4)
                                   ->  Result  (cost=0.00..0.01 rows=1 width=4)
                                         Filter: public.csq_t2.y = $0
                                         ->  Materialize for deadlock safety  (cost=0.00..0.01 rows=1 width=4)
                                               ->  Broadcast Motion 2:2  (slice21; segments: 2)  (cost=0.00..0.00 rows=1 width=4)
                                                     ->  Seq Scan on csq_t2  (cost=0.00..0.00 rows=1 width=4)
                                   ->  Result  (cost=0.00..0.01 rows=1 width=4)
                                         Filter: public.csq_t2.y = $0
                                         ->  Materialize for deadlock safety  (cost=0.00..0.01 rows=1 width=4)
                                               ->  Broadcast Motion 2:2  (slice22; segments: 2)  (cost=0.00..0.00 rows=1 width=4)
                                                     ->  Seq Scan on csq_t2_1_prt_1 csq_t2  (cost=0.00..0.00 rows=1 width=4)
                                   ->  Result  (cost=11.76..11.77 rows=1 width=4)
                                         Filter: public.csq_t2.y = $0
                                         ->  Materialize for deadlock safety  (cost=11.76..11.77 rows=1 width=4)
                                               ->  Broadcast Motion 2:2  (slice23; segments: 2)  (cost=0.00..11.76 rows=1 width=4)
                                                     ->  Seq Scan on csq_t2_1_prt_2 csq_t2  (cost=0.00..11.76 rows=1 width=4)
                                   ->  Result  (cost=11.76..11.77 rows=1 width=4)
                                         Filter: public.csq_t2.y = $0
                                         ->  Materialize for deadlock safety  (cost=11.76..11.77 rows=1 width=4)
                                               ->  Broadcast Motion 2:2  (slice24; segments: 2)  (cost=0.00..11.76 rows=1 width=4)
                                                     ->  Seq Scan on csq_t2_1_prt_3 csq_t2  (cost=0.00..11.76 rows=1 width=4)
                                   ->  Result  (cost=0.00..0.01 rows=1 width=4)
                                         Filter: public.csq_t2.y = $0
                                         ->  Materialize for deadlock safety  (cost=0.00..0.01 rows=1 width=4)
                                               ->  Broadcast Motion 2:2  (slice25; segments: 2)  (cost=0.00..0.00 rows=1 width=4)
                                                     ->  Seq Scan on csq_t2_1_prt_4 csq_t2  (cost=0.00..0.00 rows=1 width=4)
(155 rows)

select * from csq_t1 where csq_t1.x >ALL (select csq_t2.x from csq_t2 where csq_t2.y=csq_t1.y) order by 1; -- expected (4,2)
 x | y 
---+---
 4 | 2
(1 row)

drop table if exists csq_t1;
drop table if exists csq_t2;
drop table if exists csq_t1_base;
drop table if exists csq_t2_base;
--
-- Multi-row subqueries
--
drop table if exists mrs_t1;
NOTICE:  table "mrs_t1" does not exist, skipping
create table mrs_t1(x int) distributed by (x);
insert into mrs_t1 select generate_series(1,20);
explain select * from mrs_t1 where exists (select x from mrs_t1 where x < -1);
                                           QUERY PLAN                                           
------------------------------------------------------------------------------------------------
 Gather Motion 2:1  (slice2; segments: 2)  (cost=2.27..4.47 rows=10 width=4)
   ->  Result  (cost=2.27..4.47 rows=10 width=4)
         One-Time Filter: $0
         InitPlan  (slice3)
           ->  Limit  (cost=0.00..2.27 rows=1 width=0)
                 ->  Gather Motion 2:1  (slice1; segments: 2)  (cost=0.00..2.27 rows=1 width=0)
                       ->  Limit  (cost=0.00..2.25 rows=1 width=0)
                             ->  Seq Scan on mrs_t1  (cost=0.00..2.25 rows=1 width=0)
                                   Filter: x < (-1)
         ->  Seq Scan on mrs_t1  (cost=0.00..2.20 rows=10 width=4)
(10 rows)

select * from mrs_t1 where exists (select x from mrs_t1 where x < -1) order by 1;
 x 
---
(0 rows)

explain select * from mrs_t1 where exists (select x from mrs_t1 where x = 1);
                                           QUERY PLAN                                           
------------------------------------------------------------------------------------------------
 Gather Motion 2:1  (slice2; segments: 2)  (cost=2.27..4.47 rows=10 width=4)
   ->  Result  (cost=2.27..4.47 rows=10 width=4)
         One-Time Filter: $0
         InitPlan  (slice3)
           ->  Limit  (cost=0.00..2.27 rows=1 width=0)
                 ->  Gather Motion 1:1  (slice1; segments: 1)  (cost=0.00..2.27 rows=1 width=0)
                       ->  Limit  (cost=0.00..2.25 rows=1 width=0)
                             ->  Seq Scan on mrs_t1  (cost=0.00..2.25 rows=1 width=0)
                                   Filter: x = 1
         ->  Seq Scan on mrs_t1  (cost=0.00..2.20 rows=10 width=4)
(10 rows)

select * from mrs_t1 where exists (select x from mrs_t1 where x = 1) order by 1;
 x  
----
  1
  2
  3
  4
  5
  6
  7
  8
  9
 10
 11
 12
 13
 14
 15
 16
 17
 18
 19
 20
(20 rows)

explain select * from mrs_t1 where x in (select x-95 from mrs_t1) or x < 5;
                                             QUERY PLAN                                             
----------------------------------------------------------------------------------------------------
 Gather Motion 2:1  (slice2; segments: 2)  (cost=0.00..25.30 rows=6 width=4)
   ->  Seq Scan on mrs_t1  (cost=0.00..25.30 rows=6 width=4)
         Filter: ((subplan)) OR x < 5
         SubPlan 1
           ->  Materialize for deadlock safety  (cost=2.27..2.47 rows=10 width=4)
                 ->  Broadcast Motion 2:2  (slice1; segments: 2)  (cost=0.00..2.25 rows=10 width=4)
                       ->  Seq Scan on mrs_t1  (cost=0.00..2.25 rows=10 width=4)
(7 rows)

select * from mrs_t1 where x in (select x-95 from mrs_t1) or x < 5 order by 1;
 x 
---
 1
 2
 3
 4
(4 rows)

explain select 1 as mrs_t1 where 1 <= ALL (Select x from mrs_t1);
                                        QUERY PLAN                                         
-------------------------------------------------------------------------------------------
 Result  (cost=0.00..0.01 rows=1 width=0)
   One-Time Filter: (subplan)
   SubPlan 1
     ->  Materialize for deadlock safety  (cost=2.22..2.42 rows=10 width=4)
           ->  Gather Motion 2:1  (slice1; segments: 2)  (cost=0.00..2.20 rows=10 width=4)
                 ->  Seq Scan on mrs_t1  (cost=0.00..2.20 rows=10 width=4)
(6 rows)

select 1 as mrs_t1 where 1 <= ALL (Select x from mrs_t1) order by 1;
 mrs_t1 
--------
      1
(1 row)

drop table if exists mrs_t1;
--
-- Multi-row subquery from MSTR
--
drop table if exists mrs_u1;
NOTICE:  table "mrs_u1" does not exist, skipping
drop table if exists mrs_u2;
NOTICE:  table "mrs_u2" does not exist, skipping
create TABLE mrs_u1 (a int, b int);
NOTICE:  Table doesn't have 'DISTRIBUTED BY' clause -- Using column named 'a' as the Greenplum Database data distribution key for this table.
HINT:  The 'DISTRIBUTED BY' clause determines the distribution of data. Make sure column(s) chosen are the optimal data distribution key to minimize skew.
create TABLE mrs_u2 (a int, b int);
NOTICE:  Table doesn't have 'DISTRIBUTED BY' clause -- Using column named 'a' as the Greenplum Database data distribution key for this table.
HINT:  The 'DISTRIBUTED BY' clause determines the distribution of data. Make sure column(s) chosen are the optimal data distribution key to minimize skew.
insert into mrs_u1 values (1,2),(11,22);
insert into mrs_u2 values (1,2),(11,22),(33,44);
select * from mrs_u1 join mrs_u2 on mrs_u1.a=mrs_u2.a where mrs_u1.a in (1,11) or mrs_u2.a in (select a from mrs_u1 where a=1) order by 1;
 a  | b  | a  | b  
----+----+----+----
  1 |  2 |  1 |  2
 11 | 22 | 11 | 22
(2 rows)

drop table if exists mrs_u1;
drop table if exists mrs_u2;
--
-- MPP-13758
--
drop table if exists csq_m1;
NOTICE:  table "csq_m1" does not exist, skipping
create table csq_m1();
NOTICE:  Table has no attributes to distribute on.
alter table csq_m1 add column x int;
insert into csq_m1 values(1);
drop table if exists csq_d1;
NOTICE:  table "csq_d1" does not exist, skipping
create table csq_d1(x int) distributed by (x);
insert into csq_d1 select * from csq_m1;
explain select array(select x from csq_m1); -- no initplan
                          QUERY PLAN                          
--------------------------------------------------------------
 Result  (cost=1.01..1.02 rows=1 width=0)
   InitPlan
     ->  Seq Scan on csq_m1  (cost=0.00..1.01 rows=2 width=4)
(3 rows)

select array(select x from csq_m1); -- {1}
 ?column? 
----------
 {1}
(1 row)

explain select array(select x from csq_d1); -- initplan
                                     QUERY PLAN                                     
------------------------------------------------------------------------------------
 Result  (cost=1.01..1.02 rows=1 width=0)
   InitPlan  (slice2)
     ->  Gather Motion 2:1  (slice1; segments: 2)  (cost=0.00..1.01 rows=1 width=4)
           ->  Seq Scan on csq_d1  (cost=0.00..1.01 rows=1 width=4)
(4 rows)

select array(select x from csq_d1); -- {1}
 ?column? 
----------
 {1}
(1 row)

--
-- CSQs involving master-only and distributed tables
--
drop table if exists t3coquicklz;
NOTICE:  table "t3coquicklz" does not exist, skipping
create table t3coquicklz (c1 int , c2 varchar) with (appendonly=true, compresstype=quicklz, orientation=column) distributed by (c1);
drop table if exists pg_attribute_storage;
NOTICE:  table "pg_attribute_storage" does not exist, skipping
create table pg_attribute_storage (attrelid int, attnum int, attoptions text[]) distributed by (attrelid);
insert into pg_attribute_storage values ('t3coquicklz'::regclass, 1, E'{\'something\'}');
insert into pg_attribute_storage values ('t3coquicklz'::regclass, 2, E'{\'something2\'}');
SELECT a.attname
, pg_catalog.format_type(a.atttypid, a.atttypmod)
, ( SELECT substring(pg_catalog.pg_get_expr(d.adbin, d.adrelid) for 128)
 FROM pg_catalog.pg_attrdef d
WHERE d.adrelid = a.attrelid AND d.adnum = a.attnum AND a.atthasdef
)
, a.attnotnull
, a.attnum
, a.attstorage
, pg_catalog.col_description(a.attrelid, a.attnum)
, ( SELECT s.attoptions
FROM pg_attribute_storage s
WHERE s.attrelid = a.attrelid AND s.attnum = a.attnum
) newcolumn
FROM pg_catalog.pg_attribute a
WHERE a.attrelid = 't3coquicklz'::regclass AND a.attnum > 0 AND NOT a.attisdropped
ORDER BY a.attnum
; -- expect to see 2 rows
 attname |    format_type    | ?column? | attnotnull | attnum | attstorage | col_description |   newcolumn    
---------+-------------------+----------+------------+--------+------------+-----------------+----------------
 c1      | integer           |          | f          |      1 | p          |                 | {'something'}
 c2      | character varying |          | f          |      2 | x          |                 | {'something2'}
(2 rows)

--
-- More CSQs involving master-only and distributed relations
--
drop table if exists csq_m1;
create table csq_m1();
NOTICE:  Table has no attributes to distribute on.
alter table csq_m1 add column x int;
insert into csq_m1 values(1),(2),(3);
drop table if exists csq_d1;
create table csq_d1(x int) distributed by (x);
insert into csq_d1 select * from csq_m1 where x < 3;
insert into csq_d1 values(4);
select * from csq_m1;
 x 
---
 1
 2
 3
(3 rows)

select * from csq_d1;
 x 
---
 1
 2
 4
(3 rows)

--
-- outer plan node is master-only and CSQ has distributed relation
--
explain select * from csq_m1 where x not in (select x from csq_d1) or x < -100; -- gather motion
                                        QUERY PLAN                                        
------------------------------------------------------------------------------------------
 Seq Scan on csq_m1  (cost=0.00..4.08 rows=3 width=4)
   Filter: (NOT ((subplan))) OR x < (-100)
   SubPlan 1
     ->  Materialize for deadlock safety  (cost=2.02..2.04 rows=1 width=4)
           ->  Gather Motion 2:1  (slice1; segments: 2)  (cost=0.00..2.02 rows=1 width=4)
                 ->  Seq Scan on csq_d1  (cost=0.00..2.02 rows=1 width=4)
(6 rows)

select * from csq_m1 where x not in (select x from csq_d1) or x < -100; -- (3)
 x 
---
 3
(1 row)

--
-- outer plan node is master-only and CSQ has distributed relation
--
explain select * from csq_d1 where x not in (select x from csq_m1) or x < -100; -- broadcast motion
                                      QUERY PLAN                                      
--------------------------------------------------------------------------------------
 Gather Motion 2:1  (slice2; segments: 2)  (cost=0.00..3.07 rows=1 width=4)
   ->  Seq Scan on csq_d1  (cost=0.00..3.07 rows=1 width=4)
         Filter: (NOT ((subplan))) OR x < (-100)
         SubPlan 1
           ->  Materialize for deadlock safety  (cost=1.04..1.10 rows=6 width=4)
                 ->  Broadcast Motion 1:2  (slice1)  (cost=0.00..1.03 rows=6 width=4)
                       ->  Seq Scan on csq_m1  (cost=0.00..1.03 rows=6 width=4)
(7 rows)

select * from csq_d1 where x not in (select x from csq_m1) or x < -100; -- (4)
 x 
---
 4
(1 row)

--
-- MPP-14441 Don't lose track of initplans
--
drop table if exists csq_t1;
NOTICE:  table "csq_t1" does not exist, skipping
CREATE TABLE csq_t1 (a int, b int, c int, d int, e text) DISTRIBUTED BY (a);
INSERT INTO csq_t1 SELECT i, i/3, i%2, 100-i, 'text'||i  FROM generate_series(1,100) i;
select count(*) from csq_t1 t1 where a > (SELECT x.b FROM ( select avg(a)::int as b,'haha'::text from csq_t1 t2 where t2.a=t1.d) x ) ;
 count 
-------
    49
(1 row)

select count(*) from csq_t1 t1 where a > ( select avg(a)::int from csq_t1 t2 where t2.a=t1.d) ;
 count 
-------
    49
(1 row)

--
-- correlation in a func expr
--
CREATE FUNCTION csq_f(a int) RETURNS int AS $$ select $1 $$ LANGUAGE SQL;
CREATE TABLE csq_r(a int);
NOTICE:  Table doesn't have 'DISTRIBUTED BY' clause -- Using column named 'a' as the Greenplum Database data distribution key for this table.
HINT:  The 'DISTRIBUTED BY' clause determines the distribution of data. Make sure column(s) chosen are the optimal data distribution key to minimize skew.
INSERT INTO csq_r VALUES (1);
-- subqueries shouldn't be pulled into a join if the from clause has a function call
-- with a correlated argument
-- force_explain
explain SELECT * FROM csq_r WHERE a IN (SELECT * FROM csq_f(csq_r.a));
                                 QUERY PLAN                                 
----------------------------------------------------------------------------
 Gather Motion 2:1  (slice1; segments: 2)  (cost=0.00..1.02 rows=1 width=4)
   ->  Seq Scan on csq_r  (cost=0.00..1.02 rows=1 width=4)
         Filter: (subplan)
         SubPlan 1
           ->  Function Scan on csq_f  (cost=0.00..0.01 rows=1 width=4)
(5 rows)

SELECT * FROM csq_r WHERE a IN (SELECT * FROM csq_f(csq_r.a));
 a 
---
 1
(1 row)

-- force_explain
explain SELECT * FROM csq_r WHERE a not IN (SELECT * FROM csq_f(csq_r.a));
                                 QUERY PLAN                                 
----------------------------------------------------------------------------
 Gather Motion 2:1  (slice1; segments: 2)  (cost=0.00..1.02 rows=1 width=4)
   ->  Seq Scan on csq_r  (cost=0.00..1.02 rows=1 width=4)
         Filter: (subplan)
         SubPlan 1
           ->  Function Scan on csq_f  (cost=0.00..0.01 rows=1 width=4)
(5 rows)

SELECT * FROM csq_r WHERE a not IN (SELECT * FROM csq_f(csq_r.a));
 a 
---
(0 rows)

-- force_explain
explain SELECT * FROM csq_r WHERE exists (SELECT * FROM csq_f(csq_r.a));
                                 QUERY PLAN                                 
----------------------------------------------------------------------------
 Gather Motion 2:1  (slice1; segments: 2)  (cost=0.00..1.02 rows=1 width=4)
   ->  Seq Scan on csq_r  (cost=0.00..1.02 rows=1 width=4)
         Filter: (subplan)
         SubPlan 1
           ->  Function Scan on csq_f  (cost=0.00..0.01 rows=1 width=4)
(5 rows)

SELECT * FROM csq_r WHERE exists (SELECT * FROM csq_f(csq_r.a));
 a 
---
 1
(1 row)

-- force_explain
explain SELECT * FROM csq_r WHERE not exists (SELECT * FROM csq_f(csq_r.a));
                                 QUERY PLAN                                 
----------------------------------------------------------------------------
 Gather Motion 2:1  (slice1; segments: 2)  (cost=0.00..1.02 rows=1 width=4)
   ->  Seq Scan on csq_r  (cost=0.00..1.02 rows=1 width=4)
         Filter: NOT ((subplan))
         SubPlan 1
           ->  Function Scan on csq_f  (cost=0.00..0.01 rows=1 width=4)
(5 rows)

SELECT * FROM csq_r WHERE not exists (SELECT * FROM csq_f(csq_r.a));
 a 
---
(0 rows)

-- force_explain
explain SELECT * FROM csq_r WHERE a > (SELECT csq_f FROM csq_f(csq_r.a) limit 1);
                                  QUERY PLAN                                  
------------------------------------------------------------------------------
 Gather Motion 2:1  (slice1; segments: 2)  (cost=0.00..1.02 rows=1 width=4)
   ->  Seq Scan on csq_r  (cost=0.00..1.02 rows=1 width=4)
         Filter: a > ((subplan))
         SubPlan 1
           ->  Limit  (cost=0.00..0.01 rows=1 width=4)
                 ->  Function Scan on csq_f  (cost=0.00..0.01 rows=1 width=4)
(6 rows)

SELECT * FROM csq_r WHERE a > (SELECT csq_f FROM csq_f(csq_r.a) limit 1);
 a 
---
(0 rows)

-- force_explain
explain SELECT * FROM csq_r WHERE a < ANY (SELECT csq_f FROM csq_f(csq_r.a));
                                 QUERY PLAN                                 
----------------------------------------------------------------------------
 Gather Motion 2:1  (slice1; segments: 2)  (cost=0.00..1.02 rows=1 width=4)
   ->  Seq Scan on csq_r  (cost=0.00..1.02 rows=1 width=4)
         Filter: (subplan)
         SubPlan 1
           ->  Function Scan on csq_f  (cost=0.00..0.01 rows=1 width=4)
(5 rows)

SELECT * FROM csq_r WHERE a < ANY (SELECT csq_f FROM csq_f(csq_r.a));
 a 
---
(0 rows)

-- force_explain
explain SELECT * FROM csq_r WHERE a <= ALL (SELECT csq_f FROM csq_f(csq_r.a));
                                 QUERY PLAN                                 
----------------------------------------------------------------------------
 Gather Motion 2:1  (slice1; segments: 2)  (cost=0.00..1.02 rows=1 width=4)
   ->  Seq Scan on csq_r  (cost=0.00..1.02 rows=1 width=4)
         Filter: (subplan)
         SubPlan 1
           ->  Function Scan on csq_f  (cost=0.00..0.01 rows=1 width=4)
(5 rows)

SELECT * FROM csq_r WHERE a <= ALL (SELECT csq_f FROM csq_f(csq_r.a));
 a 
---
 1
(1 row)

-- fails: correlation in distributed subplan
-- force_explain
explain SELECT * FROM csq_r WHERE a IN (SELECT csq_f FROM csq_f(csq_r.a),csq_r);
ERROR:  Cannot parallelize that query yet.
DETAIL:  In a subquery FROM clause, a function invocation cannot contain a correlated reference.
--
-- Test pullup of expr CSQs to joins
--
--
-- Test data
--
drop table if exists csq_pullup;
NOTICE:  table "csq_pullup" does not exist, skipping
create table csq_pullup(t text, n numeric, i int, v varchar(10));
NOTICE:  Table doesn't have 'DISTRIBUTED BY' clause -- Using column named 't' as the Greenplum Database data distribution key for this table.
HINT:  The 'DISTRIBUTED BY' clause determines the distribution of data. Make sure column(s) chosen are the optimal data distribution key to minimize skew.
insert into csq_pullup values ('abc',1, 2, 'xyz');
insert into csq_pullup values ('xyz',2, 3, 'def');  
insert into csq_pullup values ('def',3, 1, 'abc'); 
--
-- Expr CSQs to joins
--
--
-- text, text
--
explain select * from csq_pullup t0 where 1= (select count(*) from csq_pullup t1 where t0.t=t1.t);
                                        QUERY PLAN                                         
-------------------------------------------------------------------------------------------
 Gather Motion 2:1  (slice1; segments: 2)  (cost=1.06..2.11 rows=2 width=19)
   ->  Hash Join  (cost=1.06..2.11 rows=2 width=19)
         Hash Cond: t0.t = "Expr_SUBQUERY".csq_c0
         ->  Seq Scan on csq_pullup t0  (cost=0.00..1.01 rows=1 width=19)
         ->  Hash  (cost=1.04..1.04 rows=1 width=32)
               ->  Subquery Scan "Expr_SUBQUERY"  (cost=1.02..1.04 rows=1 width=32)
                     ->  HashAggregate  (cost=1.02..1.03 rows=1 width=40)
                           Filter: 1::bigint = count(*)
                           Group By: t1.t
                           ->  Seq Scan on csq_pullup t1  (cost=0.00..1.01 rows=1 width=4)
(10 rows)

select * from csq_pullup t0 where 1= (select count(*) from csq_pullup t1 where t0.t=t1.t);
  t  | n | i |  v  
-----+---+---+-----
 abc | 1 | 2 | xyz
 xyz | 2 | 3 | def
 def | 3 | 1 | abc
(3 rows)

--
-- text, varchar
--
explain select * from csq_pullup t0 where 1= (select count(*) from csq_pullup t1 where t0.t=t1.v);
                                                   QUERY PLAN                                                    
-----------------------------------------------------------------------------------------------------------------
 Gather Motion 2:1  (slice2; segments: 2)  (cost=1.09..2.14 rows=2 width=19)
   ->  Hash Join  (cost=1.09..2.14 rows=2 width=19)
         Hash Cond: t0.t = "Expr_SUBQUERY".csq_c0
         ->  Seq Scan on csq_pullup t0  (cost=0.00..1.01 rows=1 width=19)
         ->  Hash  (cost=1.08..1.08 rows=1 width=32)
               ->  Subquery Scan "Expr_SUBQUERY"  (cost=1.05..1.08 rows=1 width=32)
                     ->  HashAggregate  (cost=1.05..1.07 rows=1 width=40)
                           Filter: 1::bigint = count(partial_aggregation.unnamed_attr_2)
                           Group By: "?column1?"
                           ->  Redistribute Motion 2:2  (slice1; segments: 2)  (cost=1.02..1.04 rows=1 width=40)
                                 Hash Key: unnamed_attr_1
                                 ->  HashAggregate  (cost=1.02..1.02 rows=1 width=40)
                                       Group By: t1.v::text
                                       ->  Seq Scan on csq_pullup t1  (cost=0.00..1.01 rows=1 width=4)
(14 rows)

select * from csq_pullup t0 where 1= (select count(*) from csq_pullup t1 where t0.t=t1.v);
  t  | n | i |  v  
-----+---+---+-----
 xyz | 2 | 3 | def
 def | 3 | 1 | abc
 abc | 1 | 2 | xyz
(3 rows)

--
-- numeric, numeric
--
explain select * from csq_pullup t0 where 1= (select count(*) from csq_pullup t1 where t0.n=t1.n);
                                                   QUERY PLAN                                                    
-----------------------------------------------------------------------------------------------------------------
 Gather Motion 2:1  (slice3; segments: 2)  (cost=1.09..2.16 rows=2 width=19)
   ->  Hash Join  (cost=1.09..2.16 rows=2 width=19)
         Hash Cond: t0.n = "Expr_SUBQUERY".csq_c0
         ->  Redistribute Motion 2:2  (slice1; segments: 2)  (cost=0.00..1.03 rows=1 width=19)
               Hash Key: t0.n
               ->  Seq Scan on csq_pullup t0  (cost=0.00..1.01 rows=1 width=19)
         ->  Hash  (cost=1.08..1.08 rows=1 width=32)
               ->  Subquery Scan "Expr_SUBQUERY"  (cost=1.05..1.08 rows=1 width=32)
                     ->  HashAggregate  (cost=1.05..1.07 rows=1 width=40)
                           Filter: 1::bigint = count(partial_aggregation.unnamed_attr_2)
                           Group By: t1.n
                           ->  Redistribute Motion 2:2  (slice2; segments: 2)  (cost=1.02..1.04 rows=1 width=40)
                                 Hash Key: t1.n
                                 ->  HashAggregate  (cost=1.02..1.02 rows=1 width=40)
                                       Group By: t1.n
                                       ->  Seq Scan on csq_pullup t1  (cost=0.00..1.01 rows=1 width=7)
(16 rows)

select * from csq_pullup t0 where 1= (select count(*) from csq_pullup t1 where t0.n=t1.n);
  t  | n | i |  v  
-----+---+---+-----
 xyz | 2 | 3 | def
 def | 3 | 1 | abc
 abc | 1 | 2 | xyz
(3 rows)

--
-- function(numeric), function(numeric)
--
explain select * from csq_pullup t0 where 1= (select count(*) from csq_pullup t1 where t0.n + 1=t1.n + 1);
                                                   QUERY PLAN                                                    
-----------------------------------------------------------------------------------------------------------------
 Gather Motion 2:1  (slice3; segments: 2)  (cost=1.10..2.17 rows=2 width=19)
   ->  Hash Join  (cost=1.10..2.17 rows=2 width=19)
         Hash Cond: (t0.n + 1::numeric) = "Expr_SUBQUERY".csq_c0
         ->  Redistribute Motion 2:2  (slice1; segments: 2)  (cost=0.00..1.03 rows=1 width=19)
               Hash Key: t0.n + 1::numeric
               ->  Seq Scan on csq_pullup t0  (cost=0.00..1.01 rows=1 width=19)
         ->  Hash  (cost=1.09..1.09 rows=1 width=32)
               ->  Subquery Scan "Expr_SUBQUERY"  (cost=1.06..1.09 rows=1 width=32)
                     ->  HashAggregate  (cost=1.06..1.08 rows=1 width=40)
                           Filter: 1::bigint = count(partial_aggregation.unnamed_attr_2)
                           Group By: "?column1?"
                           ->  Redistribute Motion 2:2  (slice2; segments: 2)  (cost=1.02..1.04 rows=1 width=40)
                                 Hash Key: unnamed_attr_1
                                 ->  HashAggregate  (cost=1.02..1.02 rows=1 width=40)
                                       Group By: t1.n + 1::numeric
                                       ->  Seq Scan on csq_pullup t1  (cost=0.00..1.01 rows=1 width=7)
(16 rows)

select * from csq_pullup t0 where 1= (select count(*) from csq_pullup t1 where t0.n + 1=t1.n + 1);
  t  | n | i |  v  
-----+---+---+-----
 xyz | 2 | 3 | def
 def | 3 | 1 | abc
 abc | 1 | 2 | xyz
(3 rows)

--
-- function(numeric), function(int)
--
explain select * from csq_pullup t0 where 1= (select count(*) from csq_pullup t1 where t0.n + 1=t1.i + 1);
                                                   QUERY PLAN                                                    
-----------------------------------------------------------------------------------------------------------------
 Gather Motion 2:1  (slice3; segments: 2)  (cost=1.10..2.18 rows=2 width=19)
   ->  Hash Join  (cost=1.10..2.18 rows=2 width=19)
         Hash Cond: (t0.n + 1::numeric) = "Expr_SUBQUERY".csq_c0
         ->  Redistribute Motion 2:2  (slice1; segments: 2)  (cost=0.00..1.03 rows=1 width=19)
               Hash Key: t0.n + 1::numeric
               ->  Seq Scan on csq_pullup t0  (cost=0.00..1.01 rows=1 width=19)
         ->  Hash  (cost=1.09..1.09 rows=1 width=32)
               ->  Subquery Scan "Expr_SUBQUERY"  (cost=1.06..1.09 rows=1 width=32)
                     ->  HashAggregate  (cost=1.06..1.08 rows=1 width=40)
                           Filter: 1::bigint = count(partial_aggregation.unnamed_attr_2)
                           Group By: "?column1?"
                           ->  Redistribute Motion 2:2  (slice2; segments: 2)  (cost=1.02..1.05 rows=1 width=40)
                                 Hash Key: unnamed_attr_1
                                 ->  HashAggregate  (cost=1.02..1.03 rows=1 width=40)
                                       Group By: (t1.i + 1)::numeric
                                       ->  Seq Scan on csq_pullup t1  (cost=0.00..1.01 rows=1 width=4)
(16 rows)

select * from csq_pullup t0 where 1= (select count(*) from csq_pullup t1 where t0.n + 1=t1.i + 1);
  t  | n | i |  v  
-----+---+---+-----
 def | 3 | 1 | abc
 abc | 1 | 2 | xyz
 xyz | 2 | 3 | def
(3 rows)

--
-- NOT EXISTS CSQs to joins
--
--
-- text, text
--
explain select * from csq_pullup t0 where not exists (select 1 from csq_pullup t1 where t0.t=t1.t and t1.i = 1);
                                  QUERY PLAN                                   
-------------------------------------------------------------------------------
 Gather Motion 2:1  (slice1; segments: 2)  (cost=1.02..2.07 rows=2 width=19)
   ->  Hash Left Anti Semi Join  (cost=1.02..2.07 rows=2 width=19)
         Hash Cond: t0.t = t1.t
         ->  Seq Scan on csq_pullup t0  (cost=0.00..1.01 rows=1 width=19)
         ->  Hash  (cost=1.01..1.01 rows=1 width=4)
               ->  Seq Scan on csq_pullup t1  (cost=0.00..1.01 rows=1 width=4)
                     Filter: i = 1 AND t IS NOT NULL
(7 rows)

select * from csq_pullup t0 where not exists (select 1 from csq_pullup t1 where t0.t=t1.t and t1.i = 1);
  t  | n | i |  v  
-----+---+---+-----
 xyz | 2 | 3 | def
 abc | 1 | 2 | xyz
(2 rows)

--
-- int, function(int)
--
explain select * from csq_pullup t0 where not exists (select 1 from csq_pullup t1 where t0.i=t1.i + 1);
                                           QUERY PLAN                                            
-------------------------------------------------------------------------------------------------
 Gather Motion 2:1  (slice2; segments: 2)  (cost=1.07..2.12 rows=2 width=19)
   ->  Hash Left Anti Semi Join  (cost=1.07..2.12 rows=2 width=19)
         Hash Cond: t0.i = (t1.i + 1)
         ->  Seq Scan on csq_pullup t0  (cost=0.00..1.01 rows=1 width=19)
         ->  Hash  (cost=1.04..1.04 rows=1 width=4)
               ->  Broadcast Motion 2:2  (slice1; segments: 2)  (cost=0.00..1.04 rows=1 width=4)
                     ->  Seq Scan on csq_pullup t1  (cost=0.00..1.01 rows=1 width=4)
                           Filter: (i + 1) IS NOT NULL
(8 rows)

select * from csq_pullup t0 where not exists (select 1 from csq_pullup t1 where t0.i=t1.i + 1);
  t  | n | i |  v  
-----+---+---+-----
 def | 3 | 1 | abc
(1 row)

--
-- FINRA wrong results bug MPP-16477
--
drop table if exists finra_t1;
NOTICE:  table "finra_t1" does not exist, skipping
drop table if exists finra_t2;
NOTICE:  table "finra_t2" does not exist, skipping
create table finra_t1(x int);
NOTICE:  Table doesn't have 'DISTRIBUTED BY' clause -- Using column named 'x' as the Greenplum Database data distribution key for this table.
HINT:  The 'DISTRIBUTED BY' clause determines the distribution of data. Make sure column(s) chosen are the optimal data distribution key to minimize skew.
insert into finra_t1 values(1),(2);
create table finra_t2(y int);
NOTICE:  Table doesn't have 'DISTRIBUTED BY' clause -- Using column named 'y' as the Greenplum Database data distribution key for this table.
HINT:  The 'DISTRIBUTED BY' clause determines the distribution of data. Make sure column(s) chosen are the optimal data distribution key to minimize skew.
insert into finra_t2 values(1),(2),(2);
analyze finra_t1;
analyze finra_t2;
explain select * from finra_t1 where x in (select y from finra_t2);
                                 QUERY PLAN                                 
----------------------------------------------------------------------------
 Gather Motion 2:1  (slice1; segments: 2)  (cost=2.07..4.13 rows=2 width=4)
   ->  Hash EXISTS Join  (cost=2.07..4.13 rows=2 width=4)
         Hash Cond: finra_t1.x = finra_t2.y
         ->  Seq Scan on finra_t1  (cost=0.00..2.02 rows=1 width=4)
         ->  Hash  (cost=2.03..2.03 rows=2 width=4)
               ->  Seq Scan on finra_t2  (cost=0.00..2.03 rows=2 width=4)
(6 rows)

select * from finra_t1 where x in (select y from finra_t2);
 x 
---
 1
 2
(2 rows)

explain select * from finra_t1 where x in (select y from finra_t2 union all select y from finra_t2);
                                             QUERY PLAN                                             
----------------------------------------------------------------------------------------------------
 Gather Motion 2:1  (slice2; segments: 2)  (cost=2.19..4.25 rows=2 width=4)
   ->  Hash EXISTS Join  (cost=2.19..4.25 rows=2 width=4)
         Hash Cond: finra_t1.x = "IN_subquery".y
         ->  Seq Scan on finra_t1  (cost=0.00..2.02 rows=1 width=4)
         ->  Hash  (cost=2.15..2.15 rows=2 width=4)
               ->  Redistribute Motion 2:2  (slice1; segments: 2)  (cost=0.00..2.15 rows=2 width=4)
                     Hash Key: "IN_subquery".y
                     ->  Append  (cost=0.00..2.06 rows=2 width=4)
                           ->  Seq Scan on finra_t2  (cost=0.00..2.03 rows=2 width=4)
                           ->  Seq Scan on finra_t2  (cost=0.00..2.03 rows=2 width=4)
(10 rows)

select * from finra_t1 where x in (select y from finra_t2 union all select y from finra_t2);
 x 
---
 2
 1
(2 rows)

explain select count(*) from finra_t1 where x in (select y from finra_t2);
                                      QUERY PLAN                                      
--------------------------------------------------------------------------------------
 Aggregate  (cost=4.20..4.21 rows=1 width=8)
   ->  Gather Motion 2:1  (slice1; segments: 2)  (cost=4.14..4.18 rows=1 width=8)
         ->  Aggregate  (cost=4.14..4.15 rows=1 width=8)
               ->  Hash EXISTS Join  (cost=2.07..4.13 rows=2 width=0)
                     Hash Cond: finra_t1.x = finra_t2.y
                     ->  Seq Scan on finra_t1  (cost=0.00..2.02 rows=1 width=4)
                     ->  Hash  (cost=2.03..2.03 rows=2 width=4)
                           ->  Seq Scan on finra_t2  (cost=0.00..2.03 rows=2 width=4)
(8 rows)

select count(*) from finra_t1 where x in (select y from finra_t2);
 count 
-------
     2
(1 row)

explain select count(*) from finra_t1 where x in (select y from finra_t2 union all select y from finra_t2);
                                                   QUERY PLAN                                                   
----------------------------------------------------------------------------------------------------------------
 Aggregate  (cost=4.32..4.33 rows=1 width=8)
   ->  Gather Motion 2:1  (slice2; segments: 2)  (cost=4.26..4.30 rows=1 width=8)
         ->  Aggregate  (cost=4.26..4.27 rows=1 width=8)
               ->  Hash EXISTS Join  (cost=2.19..4.25 rows=2 width=0)
                     Hash Cond: finra_t1.x = "IN_subquery".y
                     ->  Seq Scan on finra_t1  (cost=0.00..2.02 rows=1 width=4)
                     ->  Hash  (cost=2.15..2.15 rows=2 width=4)
                           ->  Redistribute Motion 2:2  (slice1; segments: 2)  (cost=0.00..2.15 rows=2 width=4)
                                 Hash Key: "IN_subquery".y
                                 ->  Append  (cost=0.00..2.06 rows=2 width=4)
                                       ->  Seq Scan on finra_t2  (cost=0.00..2.03 rows=2 width=4)
                                       ->  Seq Scan on finra_t2  (cost=0.00..2.03 rows=2 width=4)
(12 rows)

select count(*) from finra_t1 where x in (select y from finra_t2 union all select y from finra_t2);
 count 
-------
     2
(1 row)

select count(*) from 
       ( select 1 as FIELD_1 union all select 2 as FIELD_1 ) TABLE_1 
       where FIELD_1 in ( select 1 as FIELD_1 union all select 1 as FIELD_1 union all select 1 as FIELD_1 );
 count 
-------
     1
(1 row)

