-- start_ignore
-- end_ignore
explain select * from a;
Gather Motion 1:1  (slice1; segments: 1)  (cost=0.00..1.08 rows=8 width=4)
  ->  Append-only Scan on a  (cost=0.00..1.08 rows=8 width=4)
