--
-- See MPP-6861
--
CREATE TABLE ds_4
(
  month_id character varying(6),
  cust_group_acc numeric(10),
  mobile_no character varying(10),
  source character varying(12),
  vas_group numeric(10),
  vas_type numeric(10),
  count_vas integer,
  amt_vas numeric(10,2),
  network_type character varying(3),
  execution_id integer
)
WITH (
  OIDS=FALSE
)
DISTRIBUTED BY (cust_group_acc, mobile_no)
PARTITION BY LIST(month_id)
          (
          PARTITION p200800 VALUES('200800'),
          PARTITION p200801 VALUES('200801'),
          PARTITION p200802 VALUES('200802'),
          PARTITION p200803 VALUES('200803')
);
NOTICE:  CREATE TABLE will create partition "ds_4_1_prt_p200800" for table "ds_4"
NOTICE:  CREATE TABLE will create partition "ds_4_1_prt_p200801" for table "ds_4"
NOTICE:  CREATE TABLE will create partition "ds_4_1_prt_p200802" for table "ds_4"
NOTICE:  CREATE TABLE will create partition "ds_4_1_prt_p200803" for table "ds_4"
-- this is the case that worked before MPP-6861
-- start_ignore
-- Known_opt_diff: MPP-21316
-- end_ignore
explain select * from ds_4 where month_id = '200800';
                                         QUERY PLAN                                         
--------------------------------------------------------------------------------------------
 Gather Motion 2:1  (slice1; segments: 2)  (cost=0.00..431.00 rows=1 width=80)
   ->  Sequence  (cost=0.00..431.00 rows=1 width=80)
         ->  Partition Selector for ds_4 (dynamic scan id: 1)  (cost=10.00..100.00 rows=50 width=4)
               Filter: month_id::text = '200800'::text
         ->  Dynamic Table Scan on ds_4 (dynamic scan id: 1)  (cost=0.00..431.00 rows=1 width=80)
               Filter: month_id::text = '200800'::text
 Settings:  optimizer=on
(7 rows)

-- now we can evaluate this function at planning/prune time
-- start_ignore
-- Known_opt_diff: MPP-21316
-- end_ignore
explain select * from ds_4 where month_id::int = 200800;
                                         QUERY PLAN                                         
--------------------------------------------------------------------------------------------
 Gather Motion 2:1  (slice1; segments: 2)  (cost=0.00..431.00 rows=1 width=80)
   ->  Sequence  (cost=0.00..431.00 rows=1 width=80)
         ->  Partition Selector for ds_4 (dynamic scan id: 1)  (cost=10.00..100.00 rows=50 width=4)
         ->  Dynamic Table Scan on ds_4 (dynamic scan id: 1)  (cost=0.00..431.00 rows=1 width=80)
               Filter: int4(month_id) = 200800
 Settings:  optimizer=on
(6 rows)

-- this will be satisfied by 200800
-- start_ignore
-- Known_opt_diff: MPP-21316
-- end_ignore
explain select * from ds_4 where month_id::int - 801 < 200000;
                                         QUERY PLAN                                         
--------------------------------------------------------------------------------------------
 Gather Motion 2:1  (slice1; segments: 2)  (cost=0.00..431.00 rows=1 width=80)
   ->  Sequence  (cost=0.00..431.00 rows=1 width=80)
         ->  Partition Selector for ds_4 (dynamic scan id: 1)  (cost=10.00..100.00 rows=50 width=4)
         ->  Dynamic Table Scan on ds_4 (dynamic scan id: 1)  (cost=0.00..431.00 rows=1 width=80)
               Filter: (int4(month_id) - 801) < 200000
 Settings:  optimizer=on
(6 rows)

-- test OR case -- should NOT get pruning
explain select * from ds_4 where month_id::int - 801 < 200000 OR count_vas > 10;
                                         QUERY PLAN                                         
--------------------------------------------------------------------------------------------
 Gather Motion 2:1  (slice1; segments: 2)  (cost=0.00..431.00 rows=1 width=80)
   ->  Sequence  (cost=0.00..431.00 rows=1 width=80)
         ->  Partition Selector for ds_4 (dynamic scan id: 1)  (cost=10.00..100.00 rows=50 width=4)
         ->  Dynamic Table Scan on ds_4 (dynamic scan id: 1)  (cost=0.00..431.00 rows=1 width=80)
               Filter: (int4(month_id) - 801) < 200000 OR count_vas > 10
 Settings:  optimizer=on
(6 rows)

-- test AND case -- should still get pruning
-- start_ignore
-- Known_opt_diff: MPP-21316
-- end_ignore
explain select * from ds_4 where month_id::int - 801 < 200000 AND count_vas > 10;
                                         QUERY PLAN                                         
--------------------------------------------------------------------------------------------
 Gather Motion 2:1  (slice1; segments: 2)  (cost=0.00..431.00 rows=1 width=80)
   ->  Sequence  (cost=0.00..431.00 rows=1 width=80)
         ->  Partition Selector for ds_4 (dynamic scan id: 1)  (cost=10.00..100.00 rows=50 width=4)
         ->  Dynamic Table Scan on ds_4 (dynamic scan id: 1)  (cost=0.00..431.00 rows=1 width=80)
               Filter: (int4(month_id) - 801) < 200000 AND count_vas > 10
 Settings:  optimizer=on
(6 rows)

-- test expression case : should get pruning
-- start_ignore
-- Known_opt_diff: MPP-21316
-- end_ignore
explain select * from ds_4 where case when month_id = '200800' then 100 else 2 end = 100;
                                         QUERY PLAN                                         
--------------------------------------------------------------------------------------------
 Gather Motion 2:1  (slice1; segments: 2)  (cost=0.00..431.00 rows=1 width=80)
   ->  Sequence  (cost=0.00..431.00 rows=1 width=80)
         ->  Partition Selector for ds_4 (dynamic scan id: 1)  (cost=10.00..100.00 rows=50 width=4)
         ->  Dynamic Table Scan on ds_4 (dynamic scan id: 1)  (cost=0.00..431.00 rows=1 width=80)
               Filter: CASE WHEN month_id::text = '200800'::text THEN 100 ELSE 2 END = 100
 Settings:  optimizer=on
(6 rows)

-- test expression case : should get pruning
-- start_ignore
-- Known_opt_diff: MPP-21316
-- end_ignore
explain select * from ds_4 where case when month_id = '200800' then NULL else 2 end IS NULL;
                                              QUERY PLAN                                               
-------------------------------------------------------------------------------------------------------
 Gather Motion 2:1  (slice1; segments: 2)  (cost=0.00..431.00 rows=1 width=80)
   ->  Sequence  (cost=0.00..431.00 rows=1 width=80)
         ->  Partition Selector for ds_4 (dynamic scan id: 1)  (cost=10.00..100.00 rows=50 width=4)
         ->  Dynamic Table Scan on ds_4 (dynamic scan id: 1)  (cost=0.00..431.00 rows=1 width=80)
               Filter: CASE WHEN month_id::text = '200800'::text THEN NULL::integer ELSE 2 END IS NULL
 Settings:  optimizer=on
(6 rows)

-- should still get pruning here -- count_vas is only used in the path for month id = 200800
-- start_ignore
-- Known_opt_diff: MPP-21316
-- end_ignore
explain select * from ds_4 where case when month_id::int = 200800 then count_vas else 2 end IS NULL;
                                         QUERY PLAN                                         
--------------------------------------------------------------------------------------------
 Gather Motion 2:1  (slice1; segments: 2)  (cost=0.00..431.00 rows=1 width=80)
   ->  Sequence  (cost=0.00..431.00 rows=1 width=80)
         ->  Partition Selector for ds_4 (dynamic scan id: 1)  (cost=10.00..100.00 rows=50 width=4)
         ->  Dynamic Table Scan on ds_4 (dynamic scan id: 1)  (cost=0.00..431.00 rows=1 width=80)
               Filter: CASE WHEN int4(month_id) = 200800 THEN count_vas ELSE 2 END IS NULL
 Settings:  optimizer=on
(6 rows)

-- do one that matches a couple partitions
-- start_ignore
-- Known_opt_diff: MPP-21316
-- end_ignore
explain select * from ds_4 where month_id::int in (200801, 1,55,6,6,6,6,66,565,65,65,200803);
                                             QUERY PLAN                                              
-----------------------------------------------------------------------------------------------------
 Gather Motion 2:1  (slice1; segments: 2)  (cost=0.00..431.00 rows=1 width=80)
   ->  Sequence  (cost=0.00..431.00 rows=1 width=80)
         ->  Partition Selector for ds_4 (dynamic scan id: 1)  (cost=10.00..100.00 rows=50 width=4)
         ->  Dynamic Table Scan on ds_4 (dynamic scan id: 1)  (cost=0.00..431.00 rows=1 width=80)
               Filter: int4(month_id) = ANY ('{200801,1,55,6,6,6,6,66,565,65,65,200803}'::integer[])
 Settings:  optimizer=on
(6 rows)

-- cleanup
drop table ds_4;
--
-- See MPP-18979
--
CREATE TABLE ds_2
(
  month_id character varying(6),
  cust_group_acc numeric(10),
  mobile_no character varying(10),
  source character varying(12),
  vas_group numeric(10),
  vas_type numeric(10),
  count_vas integer,
  amt_vas numeric(10,2),
  network_type character varying(3),
  execution_id integer
)
WITH (
  OIDS=FALSE
)
DISTRIBUTED BY (cust_group_acc, mobile_no)
PARTITION BY LIST(month_id)
          (
          PARTITION p200800 VALUES('200800'),
          PARTITION p200801 VALUES('200801'),
          PARTITION p200802 VALUES('200802'),
          PARTITION p200803 VALUES('200803'),
          PARTITION p200804 VALUES('200804'),
          PARTITION p200805 VALUES('200805'),
          PARTITION p200806 VALUES('200806'),
          PARTITION p200807 VALUES('200807'),
          PARTITION p200808 VALUES('200808'),
          PARTITION p200809 VALUES('200809')
);
NOTICE:  CREATE TABLE will create partition "ds_2_1_prt_p200800" for table "ds_2"
NOTICE:  CREATE TABLE will create partition "ds_2_1_prt_p200801" for table "ds_2"
NOTICE:  CREATE TABLE will create partition "ds_2_1_prt_p200802" for table "ds_2"
NOTICE:  CREATE TABLE will create partition "ds_2_1_prt_p200803" for table "ds_2"
NOTICE:  CREATE TABLE will create partition "ds_2_1_prt_p200804" for table "ds_2"
NOTICE:  CREATE TABLE will create partition "ds_2_1_prt_p200805" for table "ds_2"
NOTICE:  CREATE TABLE will create partition "ds_2_1_prt_p200806" for table "ds_2"
NOTICE:  CREATE TABLE will create partition "ds_2_1_prt_p200807" for table "ds_2"
NOTICE:  CREATE TABLE will create partition "ds_2_1_prt_p200808" for table "ds_2"
NOTICE:  CREATE TABLE will create partition "ds_2_1_prt_p200809" for table "ds_2"
insert into ds_2(month_id) values('200800');
insert into ds_2(month_id) values('200801');
insert into ds_2(month_id) values('200802');
insert into ds_2(month_id) values('200803');
insert into ds_2(month_id) values('200804');
insert into ds_2(month_id) values('200805');
insert into ds_2(month_id) values('200806');
insert into ds_2(month_id) values('200807');
insert into ds_2(month_id) values('200808');
insert into ds_2(month_id) values('200809');
-- queries without bitmap scan
-- start_ignore
-- Known_opt_diff: MPP-21316
-- end_ignore
set optimizer_segments=2;
explain select * from ds_2 where month_id::int in (200808, 1315) order by month_id;
                                            QUERY PLAN                                            
--------------------------------------------------------------------------------------------------
 Gather Motion 2:1  (slice1; segments: 2)  (cost=0.00..431.00 rows=1 width=80)
   Merge Key: month_id
   ->  Sort  (cost=0.00..431.00 rows=1 width=80)
         Sort Key: month_id
         ->  Sequence  (cost=0.00..431.00 rows=1 width=80)
               ->  Partition Selector for ds_2 (dynamic scan id: 1)  (cost=10.00..100.00 rows=50 width=4)
               ->  Dynamic Table Scan on ds_2 (dynamic scan id: 1)  (cost=0.00..431.00 rows=1 width=80)
                     Filter: int4(month_id) = ANY ('{200808,1315}'::integer[])
 Settings:  optimizer=on; optimizer_segments=2
(9 rows)

-- start_ignore
-- Known_opt_diff: MPP-21316
-- end_ignore
explain  select * from ds_2 where month_id::int in (200808, 200801, 2008010) order by month_id;
                                            QUERY PLAN                                            
--------------------------------------------------------------------------------------------------
 Gather Motion 2:1  (slice1; segments: 2)  (cost=0.00..431.00 rows=1 width=80)
   Merge Key: month_id
   ->  Sort  (cost=0.00..431.00 rows=1 width=80)
         Sort Key: month_id
         ->  Sequence  (cost=0.00..431.00 rows=1 width=80)
               ->  Partition Selector for ds_2 (dynamic scan id: 1)  (cost=10.00..100.00 rows=50 width=4)
               ->  Dynamic Table Scan on ds_2 (dynamic scan id: 1)  (cost=0.00..431.00 rows=1 width=80)
                     Filter: int4(month_id) = ANY ('{200808,200801,2008010}'::integer[])
 Settings:  optimizer=on; optimizer_segments=2
(9 rows)

reset optimizer_segments;
select * from ds_2 where month_id::int in (200907, 1315) order by month_id;
 month_id | cust_group_acc | mobile_no | source | vas_group | vas_type | count_vas | amt_vas | network_type | execution_id 
----------+----------------+-----------+--------+-----------+----------+-----------+---------+--------------+--------------
(0 rows)

select * from ds_2 where month_id::int in (200808, 1315) order by month_id;
 month_id | cust_group_acc | mobile_no | source | vas_group | vas_type | count_vas | amt_vas | network_type | execution_id 
----------+----------------+-----------+--------+-----------+----------+-----------+---------+--------------+--------------
 200808   |                |           |        |           |          |           |         |              |             
(1 row)

select * from ds_2 where month_id::int in (200808, 200801) order by month_id;
 month_id | cust_group_acc | mobile_no | source | vas_group | vas_type | count_vas | amt_vas | network_type | execution_id 
----------+----------------+-----------+--------+-----------+----------+-----------+---------+--------------+--------------
 200801   |                |           |        |           |          |           |         |              |             
 200808   |                |           |        |           |          |           |         |              |             
(2 rows)

select * from ds_2 where month_id::int in (200808, 200801, 2008010) order by month_id;
 month_id | cust_group_acc | mobile_no | source | vas_group | vas_type | count_vas | amt_vas | network_type | execution_id 
----------+----------------+-----------+--------+-----------+----------+-----------+---------+--------------+--------------
 200801   |                |           |        |           |          |           |         |              |             
 200808   |                |           |        |           |          |           |         |              |             
(2 rows)

-- cleanup
drop table ds_2;
Create or replace function public.reverse(text) Returns text as $BODY$
DECLARE
   Original alias for $1;
   Reverse_str text;
   I int4;
BEGIN
   Reverse_str :='';
   For I in reverse length(original)..1 LOOP
   Reverse_str := reverse_str || substr(original,I,1);
END LOOP;
RETURN reverse_str;
END;
$BODY$ LANGUAGE plpgsql IMMUTABLE;
drop table if exists dnsdata cascade;
NOTICE:  table "dnsdata" does not exist, skipping
CREATE TABLE dnsdata(dnsname text) DISTRIBUTED RANDOMLY;
CREATE INDEX dnsdata_d1_idx ON dnsdata USING bitmap (split_part(reverse(dnsname),'.'::text,1));
CREATE INDEX dnsdata_d2_idx ON dnsdata USING bitmap (split_part(reverse(dnsname),'.'::text,2));
insert into dnsdata values('www.google.com');
insert into dnsdata values('www.google1.com');
insert into dnsdata values('1.google.com');
insert into dnsdata values('2.google.com');
insert into dnsdata select 'www.b.com' from generate_series(1, 100000) as x(a);
analyze dnsdata;
-- queries with bitmap scan enabled
set enable_bitmapscan=on;
set enable_indexscan=on;
set enable_seqscan=off;
Select dnsname from dnsdata
where (split_part(reverse('cache.google.com'),'.',1))=(split_part(reverse(dnsname),'.',1))
and (split_part(reverse('cache.google.com'),'.',2))=(split_part(reverse(dnsname),'.',2)) 
order by dnsname;
    dnsname     
----------------
 1.google.com
 2.google.com
 www.google.com
(3 rows)

Select dnsname from dnsdata
where (split_part(reverse('cache.google.com'),'.',1))=(split_part(reverse(dnsname),'.',1))
and (split_part(reverse('cache.google.com'),'.',2))=(split_part(reverse(dnsname),'.',2))
and dnsname = 'cache.google.com'
order by dnsname;
 dnsname 
---------
(0 rows)

-- cleanup
drop table dnsdata cascade;
drop function public.reverse(text) cascade;
Create or replace function public.MyFunc(int) Returns text as $BODY$
BEGIN
  RETURN 0;
END;
$BODY$ LANGUAGE plpgsql IMMUTABLE;
drop table if exists mytable cascade;
NOTICE:  table "mytable" does not exist, skipping
create table mytable(i int, j int);
NOTICE:  Table doesn't have 'DISTRIBUTED BY' clause -- Using column named 'i' as the Greenplum Database data distribution key for this table.
HINT:  The 'DISTRIBUTED BY' clause determines the distribution of data. Make sure column(s) chosen are the optimal data distribution key to minimize skew.
insert into mytable select x, x+1 from generate_series(1, 100000) as x;
analyze mytable;
CREATE INDEX mytable_idx1 ON mytable USING bitmap(myfunc(i));
select * from mytable where MyFunc(i)=0 and i=100 order by i;
  i  |  j  
-----+-----
 100 | 101
(1 row)

select * from mytable where MyFunc(i)=0 and i=-1 order by i;
 i | j 
---+---
(0 rows)

-- cleanup
drop function MyFunc(int) cascade;
NOTICE:  drop cascades to index mytable_idx1
drop table mytable cascade;
